<?xml version="1.0" encoding="UTF-8"?>
<!-- Generated by org.testng.reporters.JUnitXMLReporter -->
<testsuite hostname="Manjulas-MacBook-Pro.local" name="TestPrime" tests="6" failures="0" timestamp="27 Nov 2015 23:18:49 GMT" time="0.018" errors="0">
  <testcase name="testforPrime" time="0.003" classname="com.test.loops.TestPrimeNumber"/>
  <testcase name="testforPrime" time="0.001" classname="com.test.loops.TestPrimeNumber"/>
  <testcase name="testforPrime" time="0.001" classname="com.test.loops.TestPrimeNumber"/>
  <testcase name="testforPrime" time="0.001" classname="com.test.loops.TestPrimeNumber"/>
  <testcase name="testforPrime" time="0.0" classname="com.test.loops.TestPrimeNumber"/>
  <testcase name="testforPrime" time="0.001" classname="com.test.loops.TestPrimeNumber"/>
</testsuite> <!-- TestPrime -->
