<?xml version="1.0" encoding="UTF-8"?>
<!-- Generated by org.testng.reporters.JUnitXMLReporter -->
<testsuite hostname="Manjulas-MacBook-Pro.local" name="Default test" tests="2" failures="0" timestamp="26 Nov 2015 23:09:29 GMT" time="0.027" errors="0">
  <testcase name="testFactorialIter" time="0.0" classname="com.loops.test.TestFactorial">
    <skipped/>
  </testcase> <!-- testFactorialIter -->
  <testcase name="testFactorialRecurs" time="0.0" classname="com.loops.test.TestFactorial">
    <skipped/>
  </testcase> <!-- testFactorialRecurs -->
</testsuite> <!-- Default test -->
