<?xml version="1.0" encoding="UTF-8"?>
<!-- Generated by org.testng.reporters.JUnitXMLReporter -->
<testsuite hostname="Manjulas-MacBook-Pro.local" name="TestLargest" tests="5" failures="0" timestamp="27 Nov 2015 23:22:04 GMT" time="0.052" errors="0">
  <testcase name="testPositiveNumbers" time="0.017" classname="com.test.arrays.TestLargestNumber"/>
  <testcase name="testNegativeNumbers" time="0.001" classname="com.test.arrays.TestLargestNumber"/>
  <testcase name="testMixedNumbers" time="0.001" classname="com.test.arrays.TestLargestNumber"/>
  <testcase name="testDuplicateNumbers" time="0.002" classname="com.test.arrays.TestLargestNumber"/>
  <testcase name="testWithZeroes" time="0.002" classname="com.test.arrays.TestLargestNumber"/>
</testsuite> <!-- TestLargest -->
